[2021-12-03 11:58:48] [ DEBUG] [PacienteService:30] Buscando paciente po id
[2021-12-03 11:58:52] [ DEBUG] [PacienteService:42] Buscando todos os pacientes
[2021-12-03 11:58:54] [ DEBUG] [PacienteService:24] Cadastrando paciente
[2021-12-03 11:58:55] [ DEBUG] [PacienteService:30] Buscando paciente po id
[2021-12-03 11:58:55] [ DEBUG] [PacienteService:36] Excluindo paciente
[2021-12-14 17:37:58] [ DEBUG] [PacienteService:30] Buscando paciente po id
[2021-12-14 17:37:58] [ DEBUG] [PacienteService:42] Buscando todos os pacientes
[2021-12-14 17:38:00] [ DEBUG] [PacienteService:24] Cadastrando paciente
[2021-12-14 17:38:00] [ DEBUG] [PacienteService:30] Buscando paciente po id
[2021-12-14 17:38:00] [ DEBUG] [PacienteService:36] Excluindo paciente
[2021-12-14 17:38:00] [ DEBUG] [PacienteService:30] Buscando paciente po id
[2021-12-14 17:40:10] [ DEBUG] [ConsultaService:28] Buscando todas as consultas
[2021-12-14 17:40:21] [ DEBUG] [DentistaService:47] Buscando todos os dentistas
[2021-12-14 17:40:25] [ DEBUG] [PacienteService:42] Buscando todos os pacientes
[2021-12-14 17:42:10] [ DEBUG] [PacienteService:42] Buscando todos os pacientes
[2021-12-14 17:42:16] [ DEBUG] [EnderecoService:40] Buscando todos os endereços
[2021-12-14 17:47:35] [ DEBUG] [ConsultaService:28] Buscando todas as consultas
[2021-12-14 17:48:01] [ DEBUG] [DentistaService:47] Buscando todos os dentistas
[2021-12-14 17:48:10] [ DEBUG] [EnderecoService:40] Buscando todos os endereços
[2021-12-14 17:52:18] [ DEBUG] [DentistaService:26] Cadastrando dentista
[2021-12-14 17:52:34] [ DEBUG] [EnderecoService:40] Buscando todos os endereços
[2021-12-14 17:59:53] [ DEBUG] [EnderecoService:40] Buscando todos os endereços
[2021-12-14 18:00:09] [ DEBUG] [DentistaService:26] Cadastrando dentista
[2021-12-14 18:00:20] [ DEBUG] [EnderecoService:40] Buscando todos os endereços
[2021-12-14 18:05:04] [ DEBUG] [DentistaService:26] Cadastrando dentista
[2021-12-14 18:05:12] [ DEBUG] [DentistaService:47] Buscando todos os dentistas
[2021-12-14 18:05:21] [ DEBUG] [EnderecoService:40] Buscando todos os endereços
[2021-12-14 18:09:47] [ DEBUG] [EnderecoService:40] Buscando todos os endereços
[2021-12-14 18:10:34] [ DEBUG] [DentistaService:26] Cadastrando dentista
[2021-12-14 18:10:56] [ DEBUG] [DentistaService:26] Cadastrando dentista
[2021-12-14 18:11:11] [ DEBUG] [DentistaService:26] Cadastrando dentista
